e:\git\game\ninjagaiden\game\debug\vc141.pdb
e:\git\game\ninjagaiden\game\debug\vc141.idb
e:\git\game\ninjagaiden\game\debug\world.obj
e:\git\game\ninjagaiden\game\debug\texture.obj
e:\git\game\ninjagaiden\game\debug\sprite.obj
e:\git\game\ninjagaiden\game\debug\source.obj
e:\git\game\ninjagaiden\game\debug\player.obj
e:\git\game\ninjagaiden\game\debug\object.obj
e:\git\game\ninjagaiden\game\debug\item.obj
e:\git\game\ninjagaiden\game\debug\grid.obj
e:\git\game\ninjagaiden\game\debug\graphic.obj
e:\git\game\ninjagaiden\game\debug\gameaction.obj
e:\git\game\ninjagaiden\game\debug\game.obj
e:\git\game\ninjagaiden\game\debug\debug.obj
e:\git\game\ninjagaiden\game\debug\camera.obj
e:\git\game\ninjagaiden\game\debug\scence.obj
e:\git\game\ninjagaiden\game\debug\square.obj
e:\git\game\ninjagaiden\game\debug\scence1.obj
e:\git\game\ninjagaiden\game\debug\map.obj
e:\git\game\ninjagaiden\debug\game.exe
e:\git\game\ninjagaiden\debug\game.ilk
e:\git\game\ninjagaiden\debug\game.pdb
e:\git\game\ninjagaiden\game\debug\player.obj.enc
e:\git\game\ninjagaiden\game\debug\game.tlog\cl.command.1.tlog
e:\git\game\ninjagaiden\game\debug\game.tlog\cl.read.1.tlog
e:\git\game\ninjagaiden\game\debug\game.tlog\cl.write.1.tlog
e:\git\game\ninjagaiden\game\debug\game.tlog\link.command.1.tlog
e:\git\game\ninjagaiden\game\debug\game.tlog\link.read.1.tlog
e:\git\game\ninjagaiden\game\debug\game.tlog\link.write.1.tlog
