  Camera.cpp
e:\git\game\ninjagaiden\game\camera.cpp(10): warning C4244: 'argument': conversion from 'int' to 'FLOAT', possible loss of data
e:\git\game\ninjagaiden\game\camera.cpp(38): warning C4244: 'argument': conversion from 'double' to 'FLOAT', possible loss of data
e:\git\game\ninjagaiden\game\camera.cpp(37): warning C4244: 'argument': conversion from 'double' to 'FLOAT', possible loss of data
e:\git\game\ninjagaiden\game\camera.cpp(35): warning C4244: 'argument': conversion from 'double' to 'FLOAT', possible loss of data
e:\git\game\ninjagaiden\game\camera.cpp(34): warning C4244: 'argument': conversion from 'double' to 'FLOAT', possible loss of data
  Debug.cpp
  Game.cpp
  c:\program files (x86)\microsoft directx sdk (june 2010)\include\dinput.h: DIRECTINPUT_VERSION undefined. Defaulting to version 0x0800
e:\git\game\ninjagaiden\game\game.h(10): warning C4005: 'DIRECTINPUT_VERSION': macro redefinition
  c:\program files (x86)\microsoft directx sdk (june 2010)\include\dinput.h(42): note: see previous definition of 'DIRECTINPUT_VERSION'
  GameAction.cpp
  c:\program files (x86)\microsoft directx sdk (june 2010)\include\dinput.h: DIRECTINPUT_VERSION undefined. Defaulting to version 0x0800
e:\git\game\ninjagaiden\game\game.h(10): warning C4005: 'DIRECTINPUT_VERSION': macro redefinition
  c:\program files (x86)\microsoft directx sdk (june 2010)\include\dinput.h(42): note: see previous definition of 'DIRECTINPUT_VERSION'
  Graphic.cpp
  Object.cpp
  player.cpp
  c:\program files (x86)\microsoft directx sdk (june 2010)\include\dinput.h: DIRECTINPUT_VERSION undefined. Defaulting to version 0x0800
e:\git\game\ninjagaiden\game\game.h(10): warning C4005: 'DIRECTINPUT_VERSION': macro redefinition
  c:\program files (x86)\microsoft directx sdk (june 2010)\include\dinput.h(42): note: see previous definition of 'DIRECTINPUT_VERSION'
  Source.cpp
  c:\program files (x86)\microsoft directx sdk (june 2010)\include\dinput.h: DIRECTINPUT_VERSION undefined. Defaulting to version 0x0800
e:\git\game\ninjagaiden\game\game.h(10): warning C4005: 'DIRECTINPUT_VERSION': macro redefinition
  c:\program files (x86)\microsoft directx sdk (june 2010)\include\dinput.h(42): note: see previous definition of 'DIRECTINPUT_VERSION'
  Sprite.cpp
  c:\program files (x86)\microsoft directx sdk (june 2010)\include\dinput.h: DIRECTINPUT_VERSION undefined. Defaulting to version 0x0800
e:\git\game\ninjagaiden\game\game.h(10): warning C4005: 'DIRECTINPUT_VERSION': macro redefinition
  c:\program files (x86)\microsoft directx sdk (june 2010)\include\dinput.h(42): note: see previous definition of 'DIRECTINPUT_VERSION'
e:\git\game\ninjagaiden\game\sprite.cpp(55): warning C4018: '<': signed/unsigned mismatch
e:\git\game\ninjagaiden\game\sprite.cpp(125): warning C4244: 'argument': conversion from 'int' to 'FLOAT', possible loss of data
  Texture.cpp
  c:\program files (x86)\microsoft directx sdk (june 2010)\include\dinput.h: DIRECTINPUT_VERSION undefined. Defaulting to version 0x0800
e:\git\game\ninjagaiden\game\game.h(10): warning C4005: 'DIRECTINPUT_VERSION': macro redefinition
  c:\program files (x86)\microsoft directx sdk (june 2010)\include\dinput.h(42): note: see previous definition of 'DIRECTINPUT_VERSION'
  World.cpp
  c:\program files (x86)\microsoft directx sdk (june 2010)\include\dinput.h: DIRECTINPUT_VERSION undefined. Defaulting to version 0x0800
e:\git\game\ninjagaiden\game\game.h(10): warning C4005: 'DIRECTINPUT_VERSION': macro redefinition
  c:\program files (x86)\microsoft directx sdk (june 2010)\include\dinput.h(42): note: see previous definition of 'DIRECTINPUT_VERSION'
  Generating Code...
  Game.vcxproj -> E:\Git\game\NinjaGaiden\Debug\Game.exe
